c:\users\emmanuel\source\repos\pm_u3_q2\debug\pm_u3_q2.exe
c:\users\emmanuel\source\repos\pm_u3_q2\pm_u3_q2\debug\pm_u3_q2.ilk
c:\users\emmanuel\source\repos\pm_u3_q2\debug\pm_u3_q2.pdb
c:\users\emmanuel\source\repos\pm_u3_q2\pm_u3_q2\debug\p1.obj
c:\users\emmanuel\source\repos\pm_u3_q2\pm_u3_q2\debug\p10_suma2nums.obj
c:\users\emmanuel\source\repos\pm_u3_q2\pm_u3_q2\debug\p11_readstring.obj
c:\users\emmanuel\source\repos\pm_u3_q2\pm_u3_q2\debug\p12_nombres.obj
c:\users\emmanuel\source\repos\pm_u3_q2\pm_u3_q2\debug\p13_msbv2.obj
c:\users\emmanuel\source\repos\pm_u3_q2\pm_u3_q2\debug\p13_ventanaemergente.obj
c:\users\emmanuel\source\repos\pm_u3_q2\pm_u3_q2\debug\p14_msbv2.obj
c:\users\emmanuel\source\repos\pm_u3_q2\pm_u3_q2\debug\p2.obj
c:\users\emmanuel\source\repos\pm_u3_q2\pm_u3_q2\debug\p3.obj
c:\users\emmanuel\source\repos\pm_u3_q2\pm_u3_q2\debug\p4.obj
c:\users\emmanuel\source\repos\pm_u3_q2\pm_u3_q2\debug\p5.obj
c:\users\emmanuel\source\repos\pm_u3_q2\pm_u3_q2\debug\p6.obj
c:\users\emmanuel\source\repos\pm_u3_q2\pm_u3_q2\debug\p7.obj
c:\users\emmanuel\source\repos\pm_u3_q2\pm_u3_q2\debug\p8.obj
c:\users\emmanuel\source\repos\pm_u3_q2\pm_u3_q2\debug\p9_intromacro.obj
c:\users\emmanuel\source\repos\pm_u3_q2\pm_u3_q2\debug\plantilla2.obj
c:\users\emmanuel\source\repos\pm_u3_q2\pm_u3_q2\debug\vc142.idb
c:\users\emmanuel\source\repos\pm_u3_q2\pm_u3_q2\debug\vc142.pdb
c:\users\emmanuel\source\repos\pm_u3_q2\pm_u3_q2\debug\pm_u3_q2.tlog\cl.command.1.tlog
c:\users\emmanuel\source\repos\pm_u3_q2\pm_u3_q2\debug\pm_u3_q2.tlog\link.command.1.tlog
c:\users\emmanuel\source\repos\pm_u3_q2\pm_u3_q2\debug\pm_u3_q2.tlog\link.read.1.tlog
c:\users\emmanuel\source\repos\pm_u3_q2\pm_u3_q2\debug\pm_u3_q2.tlog\link.write.1.tlog
c:\users\emmanuel\source\repos\pm_u3_q2\pm_u3_q2\debug\pm_u3_q2.tlog\masm.read.1u.tlog
c:\users\emmanuel\source\repos\pm_u3_q2\pm_u3_q2\debug\pm_u3_q2.tlog\masm.write.1u.tlog
