  Assembling EJ04_Tarjetasdecredito.asm...
  Assembling EJ09_CostoPasaje_alumno.asm...
  Assembling EJ10Paquete_Diciembre.asm...
  Assembling EJ11EdadPromedioAlumnos.asm...
  Assembling EJ12Ahorro.asm...
  Assembling EJ13MENORESMAYORES.asm...
  Assembling EJ14HORASTRABAJADAS.asm...
  Assembling EJ15TikiTaka.asm...
  Assembling EJ16Salario.asm...
  Assembling EJ17NaufragioSatisfecho.asm...
  Assembling EJ18Focos_colores.asm...
  Assembling EJ19Narticulos.asm...
  Assembling EJ1U3Hamburguesas.asm...
  Assembling EJ2U3Citas.asm...
  Assembling EJ2_EDADALUMNOS.asm...
  Assembling EJ3U3Banco.asm...
  Assembling EJ8ANTIGUEDAD.asm...
  Assembling EJ_05_Becas_mensuales.asm...
  Assembling Hamburgesas.asm...
  Assembling P1.asm...
  Assembling P10_Suma2nums.asm...
  Assembling P11_readstring.asm...
  Assembling P12_nombres.asm...
  Assembling P13_VENTANAEMERGENTE.asm...
  Assembling P14_msbv2.asm...
  Assembling P15_msgBoxAsk.asm...
  Assembling P16_sumaconProc.asm...
  Assembling P17_PromedioM_Salones.asm...
  Assembling P2.asm...
  Assembling P3.asm...
  Assembling P4.asm...
  Assembling P5.asm...
  Assembling P6.asm...
  Assembling P7.asm...
  Assembling P8.asm...
  Assembling P9_intromacro.asm...
  Assembling plantilla2.asm...
  Assembling UNIDAD4_p1_introvectrores.asm...
  Assembling UNIDAD4_P2_introvectores2.asm...
  Assembling UNIDAD4_P3.asm...
  Assembling UNIDAD4_P3_introvectores3.asm...
  Assembling UNIDAD4_P4.asm...
  Assembling UNIDAD4_P5.asm...
EJ04_Tarjetasdecredito.obj : warning LNK4258: la directiva '/ENTRY:mainej4@0' no es compatible con el modificador '/ENTRY:mainej19'; se ha omitido
EJ09_CostoPasaje_alumno.obj : warning LNK4258: la directiva '/ENTRY:main500@0' no es compatible con el modificador '/ENTRY:mainej19'; se ha omitido
EJ10Paquete_Diciembre.obj : warning LNK4258: la directiva '/ENTRY:main505@0' no es compatible con el modificador '/ENTRY:mainej19'; se ha omitido
EJ11EdadPromedioAlumnos.obj : warning LNK4258: la directiva '/ENTRY:mainej11@0' no es compatible con el modificador '/ENTRY:mainej19'; se ha omitido
EJ12Ahorro.obj : warning LNK4258: la directiva '/ENTRY:mainej12@0' no es compatible con el modificador '/ENTRY:mainej19'; se ha omitido
EJ13MENORESMAYORES.obj : warning LNK4258: la directiva '/ENTRY:mainej13@0' no es compatible con el modificador '/ENTRY:mainej19'; se ha omitido
EJ14HORASTRABAJADAS.obj : warning LNK4258: la directiva '/ENTRY:mainej14@0' no es compatible con el modificador '/ENTRY:mainej19'; se ha omitido
EJ15TikiTaka.obj : warning LNK4258: la directiva '/ENTRY:mainej15@0' no es compatible con el modificador '/ENTRY:mainej19'; se ha omitido
EJ16Salario.obj : warning LNK4258: la directiva '/ENTRY:mainej16@0' no es compatible con el modificador '/ENTRY:mainej19'; se ha omitido
EJ17NaufragioSatisfecho.obj : warning LNK4258: la directiva '/ENTRY:mainej17@0' no es compatible con el modificador '/ENTRY:mainej19'; se ha omitido
EJ18Focos_colores.obj : warning LNK4258: la directiva '/ENTRY:main504@0' no es compatible con el modificador '/ENTRY:mainej19'; se ha omitido
EJ19Narticulos.obj : warning LNK4258: la directiva '/ENTRY:mainej19@0' no es compatible con el modificador '/ENTRY:mainej19'; se ha omitido
EJ1U3Hamburguesas.obj : warning LNK4258: la directiva '/ENTRY:mainp17@0' no es compatible con el modificador '/ENTRY:mainej19'; se ha omitido
EJ2U3Citas.obj : warning LNK4258: la directiva '/ENTRY:mainp22@0' no es compatible con el modificador '/ENTRY:mainej19'; se ha omitido
EJ2_EDADALUMNOS.obj : warning LNK4258: la directiva '/ENTRY:mainp20@0' no es compatible con el modificador '/ENTRY:mainej19'; se ha omitido
EJ3U3Banco.obj : warning LNK4258: la directiva '/ENTRY:mainp123@0' no es compatible con el modificador '/ENTRY:mainej19'; se ha omitido
EJ8ANTIGUEDAD.obj : warning LNK4258: la directiva '/ENTRY:mainej8@0' no es compatible con el modificador '/ENTRY:mainej19'; se ha omitido
EJ_05_Becas_mensuales.obj : warning LNK4258: la directiva '/ENTRY:mainej5@0' no es compatible con el modificador '/ENTRY:mainej19'; se ha omitido
Hamburgesas.obj : warning LNK4258: la directiva '/ENTRY:mainp101@0' no es compatible con el modificador '/ENTRY:mainej19'; se ha omitido
P1.obj : warning LNK4258: la directiva '/ENTRY:mainp1@0' no es compatible con el modificador '/ENTRY:mainej19'; se ha omitido
P10_Suma2nums.obj : warning LNK4258: la directiva '/ENTRY:mainp10@0' no es compatible con el modificador '/ENTRY:mainej19'; se ha omitido
P11_readstring.obj : warning LNK4258: la directiva '/ENTRY:mainp11@0' no es compatible con el modificador '/ENTRY:mainej19'; se ha omitido
P12_nombres.obj : warning LNK4258: la directiva '/ENTRY:mainp12@0' no es compatible con el modificador '/ENTRY:mainej19'; se ha omitido
P13_VENTANAEMERGENTE.obj : warning LNK4258: la directiva '/ENTRY:mainp13@0' no es compatible con el modificador '/ENTRY:mainej19'; se ha omitido
P14_msbv2.obj : warning LNK4258: la directiva '/ENTRY:mainp14@0' no es compatible con el modificador '/ENTRY:mainej19'; se ha omitido
P15_msgBoxAsk.obj : warning LNK4258: la directiva '/ENTRY:mainp15@0' no es compatible con el modificador '/ENTRY:mainej19'; se ha omitido
P16_sumaconProc.obj : warning LNK4258: la directiva '/ENTRY:mainp16@0' no es compatible con el modificador '/ENTRY:mainej19'; se ha omitido
P17_PromedioM_Salones.obj : warning LNK4258: la directiva '/ENTRY:mainp150@0' no es compatible con el modificador '/ENTRY:mainej19'; se ha omitido
P2.obj : warning LNK4258: la directiva '/ENTRY:mainp2@0' no es compatible con el modificador '/ENTRY:mainej19'; se ha omitido
P3.obj : warning LNK4258: la directiva '/ENTRY:mainp3@0' no es compatible con el modificador '/ENTRY:mainej19'; se ha omitido
P4.obj : warning LNK4258: la directiva '/ENTRY:mainp4@0' no es compatible con el modificador '/ENTRY:mainej19'; se ha omitido
P5.obj : warning LNK4258: la directiva '/ENTRY:mainp5@0' no es compatible con el modificador '/ENTRY:mainej19'; se ha omitido
P6.obj : warning LNK4258: la directiva '/ENTRY:mainp6@0' no es compatible con el modificador '/ENTRY:mainej19'; se ha omitido
P7.obj : warning LNK4258: la directiva '/ENTRY:mainp7@0' no es compatible con el modificador '/ENTRY:mainej19'; se ha omitido
P8.obj : warning LNK4258: la directiva '/ENTRY:mainp8@0' no es compatible con el modificador '/ENTRY:mainej19'; se ha omitido
P9_intromacro.obj : warning LNK4258: la directiva '/ENTRY:mainp9@0' no es compatible con el modificador '/ENTRY:mainej19'; se ha omitido
plantilla2.obj : warning LNK4258: la directiva '/ENTRY:main2@0' no es compatible con el modificador '/ENTRY:mainej19'; se ha omitido
UNIDAD4_p1_introvectrores.obj : warning LNK4258: la directiva '/ENTRY:main2001@0' no es compatible con el modificador '/ENTRY:mainej19'; se ha omitido
UNIDAD4_P2_introvectores2.obj : warning LNK4258: la directiva '/ENTRY:main201@0' no es compatible con el modificador '/ENTRY:mainej19'; se ha omitido
UNIDAD4_P3.obj : warning LNK4258: la directiva '/ENTRY:main203@0' no es compatible con el modificador '/ENTRY:mainej19'; se ha omitido
UNIDAD4_P3_introvectores3.obj : warning LNK4258: la directiva '/ENTRY:main202@0' no es compatible con el modificador '/ENTRY:mainej19'; se ha omitido
UNIDAD4_P4.obj : warning LNK4258: la directiva '/ENTRY:main210@0' no es compatible con el modificador '/ENTRY:mainej19'; se ha omitido
UNIDAD4_P5.obj : warning LNK4258: la directiva '/ENTRY:main211@0' no es compatible con el modificador '/ENTRY:mainej19'; se ha omitido
  PM_U3_Q2.vcxproj -> C:\Users\EMMANUEL\source\repos\PM_U3_Q2\Debug\PM_U3_Q2.exe
